This is pdfTeX, Version 3.14159265-2.6-1.40.18 (TeX Live 2017/Debian) (preloaded format=pdflatex 2019.7.25)  20 SEP 2019 18:05
entering extended mode
 restricted \write18 enabled.
 %&-line parsing enabled.
**"Assignments Week 2.tex"
(./Assignments Week 2.tex
LaTeX2e <2017-04-15>
Babel <3.18> and hyphenation patterns for 84 language(s) loaded.
(/usr/share/texlive/texmf-dist/tex/latex/base/article.cls
Document Class: article 2014/09/29 v1.4h Standard LaTeX document class
(/usr/share/texlive/texmf-dist/tex/latex/base/size10.clo
File: size10.clo 2014/09/29 v1.4h Standard LaTeX file (size option)
)
\c@part=\count79
\c@section=\count80
\c@subsection=\count81
\c@subsubsection=\count82
\c@paragraph=\count83
\c@subparagraph=\count84
\c@figure=\count85
\c@table=\count86
\abovecaptionskip=\skip41
\belowcaptionskip=\skip42
\bibindent=\dimen102
)
(/usr/share/texlive/texmf-dist/tex/latex/tools/indentfirst.sty
Package: indentfirst 1995/11/23 v1.03 Indent first paragraph (DPC)
)
(/usr/share/texlive/texmf-dist/tex/latex/graphics/graphicx.sty
Package: graphicx 2017/06/01 v1.1a Enhanced LaTeX Graphics (DPC,SPQR)

(/usr/share/texlive/texmf-dist/tex/latex/graphics/keyval.sty
Package: keyval 2014/10/28 v1.15 key=value parser (DPC)
\KV@toks@=\toks14
)
(/usr/share/texlive/texmf-dist/tex/latex/graphics/graphics.sty
Package: graphics 2017/06/25 v1.2c Standard LaTeX Graphics (DPC,SPQR)

(/usr/share/texlive/texmf-dist/tex/latex/graphics/trig.sty
Package: trig 2016/01/03 v1.10 sin cos tan (DPC)
)
(/usr/share/texlive/texmf-dist/tex/latex/graphics-cfg/graphics.cfg
File: graphics.cfg 2016/06/04 v1.11 sample graphics configuration
)
Package graphics Info: Driver file: pdftex.def on input line 99.

(/usr/share/texlive/texmf-dist/tex/latex/graphics-def/pdftex.def
File: pdftex.def 2018/01/08 v1.0l Graphics/color driver for pdftex
))
\Gin@req@height=\dimen103
\Gin@req@width=\dimen104
)
(/usr/share/texlive/texmf-dist/tex/latex/float/float.sty
Package: float 2001/11/08 v1.3d Float enhancements (AL)
\c@float@type=\count87
\float@exts=\toks15
\float@box=\box26
\@float@everytoks=\toks16
\@floatcapt=\box27
)
(./Assignments Week 2.aux)
\openout1 = `"Assignments Week 2.aux"'.

LaTeX Font Info:    Checking defaults for OML/cmm/m/it on input line 10.
LaTeX Font Info:    ... okay on input line 10.
LaTeX Font Info:    Checking defaults for T1/cmr/m/n on input line 10.
LaTeX Font Info:    ... okay on input line 10.
LaTeX Font Info:    Checking defaults for OT1/cmr/m/n on input line 10.
LaTeX Font Info:    ... okay on input line 10.
LaTeX Font Info:    Checking defaults for OMS/cmsy/m/n on input line 10.
LaTeX Font Info:    ... okay on input line 10.
LaTeX Font Info:    Checking defaults for OMX/cmex/m/n on input line 10.
LaTeX Font Info:    ... okay on input line 10.
LaTeX Font Info:    Checking defaults for U/cmr/m/n on input line 10.
LaTeX Font Info:    ... okay on input line 10.

(/usr/share/texlive/texmf-dist/tex/context/base/mkii/supp-pdf.mkii
[Loading MPS to PDF converter (version 2006.09.02).]
\scratchcounter=\count88
\scratchdimen=\dimen105
\scratchbox=\box28
\nofMPsegments=\count89
\nofMParguments=\count90
\everyMPshowfont=\toks17
\MPscratchCnt=\count91
\MPscratchDim=\dimen106
\MPnumerator=\count92
\makeMPintoPDFobject=\count93
\everyMPtoPDFconversion=\toks18
) (/usr/share/texlive/texmf-dist/tex/latex/oberdiek/epstopdf-base.sty
Package: epstopdf-base 2016/05/15 v2.6 Base part for package epstopdf

(/usr/share/texlive/texmf-dist/tex/generic/oberdiek/infwarerr.sty
Package: infwarerr 2016/05/16 v1.4 Providing info/warning/error messages (HO)
)
(/usr/share/texlive/texmf-dist/tex/latex/oberdiek/grfext.sty
Package: grfext 2016/05/16 v1.2 Manage graphics extensions (HO)

(/usr/share/texlive/texmf-dist/tex/generic/oberdiek/kvdefinekeys.sty
Package: kvdefinekeys 2016/05/16 v1.4 Define keys (HO)

(/usr/share/texlive/texmf-dist/tex/generic/oberdiek/ltxcmds.sty
Package: ltxcmds 2016/05/16 v1.23 LaTeX kernel commands for general use (HO)
)))
(/usr/share/texlive/texmf-dist/tex/latex/oberdiek/kvoptions.sty
Package: kvoptions 2016/05/16 v3.12 Key value format for package options (HO)

(/usr/share/texlive/texmf-dist/tex/generic/oberdiek/kvsetkeys.sty
Package: kvsetkeys 2016/05/16 v1.17 Key value parser (HO)

(/usr/share/texlive/texmf-dist/tex/generic/oberdiek/etexcmds.sty
Package: etexcmds 2016/05/16 v1.6 Avoid name clashes with e-TeX commands (HO)

(/usr/share/texlive/texmf-dist/tex/generic/oberdiek/ifluatex.sty
Package: ifluatex 2016/05/16 v1.4 Provides the ifluatex switch (HO)
Package ifluatex Info: LuaTeX not detected.
)
Package etexcmds Info: Could not find \expanded.
(etexcmds)             That can mean that you are not using pdfTeX 1.50 or
(etexcmds)             that some package has redefined \expanded.
(etexcmds)             In the latter case, load this package earlier.
)))
(/usr/share/texlive/texmf-dist/tex/generic/oberdiek/pdftexcmds.sty
Package: pdftexcmds 2018/01/21 v0.26 Utility functions of pdfTeX for LuaTeX (HO
)

(/usr/share/texlive/texmf-dist/tex/generic/oberdiek/ifpdf.sty
Package: ifpdf 2017/03/15 v3.2 Provides the ifpdf switch
)
Package pdftexcmds Info: LuaTeX not detected.
Package pdftexcmds Info: \pdf@primitive is available.
Package pdftexcmds Info: \pdf@ifprimitive is available.
Package pdftexcmds Info: \pdfdraftmode found.
)
Package epstopdf-base Info: Redefining graphics rule for `.eps' on input line 4
38.
Package grfext Info: Graphics extension search list:
(grfext)             [.pdf,.png,.jpg,.mps,.jpeg,.jbig2,.jb2,.PDF,.PNG,.JPG,.JPE
G,.JBIG2,.JB2,.eps]
(grfext)             \AppendGraphicsExtensions on input line 456.

(/usr/share/texlive/texmf-dist/tex/latex/latexconfig/epstopdf-sys.cfg
File: epstopdf-sys.cfg 2010/07/13 v1.3 Configuration of (r)epstopdf for TeX Liv
e
))
LaTeX Font Info:    External font `cmex10' loaded for size
(Font)              <12> on input line 12.
LaTeX Font Info:    External font `cmex10' loaded for size
(Font)              <8> on input line 12.
LaTeX Font Info:    External font `cmex10' loaded for size
(Font)              <6> on input line 12.

Underfull \hbox (badness 10000) in paragraph at lines 15--25

 []

LaTeX Font Info:    External font `cmex10' loaded for size
(Font)              <7> on input line 31.
LaTeX Font Info:    External font `cmex10' loaded for size
(Font)              <5> on input line 31.

Underfull \hbox (badness 10000) in paragraph at lines 27--36

 []

[1

{/var/lib/texmf/fonts/map/pdftex/updmap/pdftex.map}]
Underfull \hbox (badness 10000) in paragraph at lines 54--56

 []


Underfull \hbox (badness 10000) in paragraph at lines 57--67

 []


Underfull \hbox (badness 10000) in paragraph at lines 68--70

 []

</home/hdokter/git/operatingsystems/week2/images/gannt1.jpeg, id=13, 902.37125p
t x 1604.99625pt>
File: /home/hdokter/git/operatingsystems/week2/images/gannt1.jpeg Graphic file 
(type jpg)
<use /home/hdokter/git/operatingsystems/week2/images/gannt1.jpeg>
Package pdftex.def Info: /home/hdokter/git/operatingsystems/week2/images/gannt1
.jpeg  used on input line 72.
(pdftex.def)             Requested size: 345.0pt x 613.62744pt.
[2]
Overfull \vbox (63.62744pt too high) has occurred while \output is active []


[3 </home/hdokter/git/operatingsystems/week2/images/gannt1.jpeg>]
</home/hdokter/git/operatingsystems/week2/images/gannt2.jpeg, id=20, 1475.5125p
t x 1606.0pt>
File: /home/hdokter/git/operatingsystems/week2/images/gannt2.jpeg Graphic file 
(type jpg)
<use /home/hdokter/git/operatingsystems/week2/images/gannt2.jpeg>
Package pdftex.def Info: /home/hdokter/git/operatingsystems/week2/images/gannt2
.jpeg  used on input line 76.
(pdftex.def)             Requested size: 345.0pt x 375.49863pt.
</home/hdokter/git/operatingsystems/week2/images/table1.jpeg, id=21, 760.8425pt
 x 1606.0pt>
File: /home/hdokter/git/operatingsystems/week2/images/table1.jpeg Graphic file 
(type jpg)
<use /home/hdokter/git/operatingsystems/week2/images/table1.jpeg>
Package pdftex.def Info: /home/hdokter/git/operatingsystems/week2/images/table1
.jpeg  used on input line 82.
(pdftex.def)             Requested size: 345.0pt x 728.2561pt.
 [4 </home/hdokter/git/operatingsystems/week2/images/gannt2.jpeg>]
Overfull \vbox (178.2561pt too high) has occurred while \output is active []


[5 </home/hdokter/git/operatingsystems/week2/images/table1.jpeg>]
</home/hdokter/git/operatingsystems/week2/images/table2.jpeg, id=28, 1108.14pt 
x 1606.0pt>
File: /home/hdokter/git/operatingsystems/week2/images/table2.jpeg Graphic file 
(type jpg)
<use /home/hdokter/git/operatingsystems/week2/images/table2.jpeg>
Package pdftex.def Info: /home/hdokter/git/operatingsystems/week2/images/table2
.jpeg  used on input line 86.
(pdftex.def)             Requested size: 345.0pt x 499.98685pt.
</home/hdokter/git/operatingsystems/week2/images/gannt3.jpeg, id=29, 1204.5pt x
 1606.0pt>
File: /home/hdokter/git/operatingsystems/week2/images/gannt3.jpeg Graphic file 
(type jpg)
<use /home/hdokter/git/operatingsystems/week2/images/gannt3.jpeg>
Package pdftex.def Info: /home/hdokter/git/operatingsystems/week2/images/gannt3
.jpeg  used on input line 95.
(pdftex.def)             Requested size: 345.0pt x 459.99377pt.
 [6 </home/hdokter/git/operatingsystems/week2/images/table2.jpeg>]
Underfull \hbox (badness 10000) in paragraph at lines 102--106

 []

[7 </home/hdokter/git/operatingsystems/week2/images/gannt3.jpeg>]
Underfull \hbox (badness 10000) in paragraph at lines 109--111

 []

[8] (./Assignments Week 2.aux) ) 
Here is how much of TeX's memory you used:
 1530 strings out of 492982
 23029 string characters out of 6134896
 80853 words of memory out of 5000000
 5091 multiletter control sequences out of 15000+600000
 7290 words of font info for 26 fonts, out of 8000000 for 9000
 1141 hyphenation exceptions out of 8191
 41i,6n,25p,374b,212s stack positions out of 5000i,500n,10000p,200000b,80000s
</usr/share/texlive/texmf-dist/fonts/type1/publ
ic/amsfonts/cm/cmbx10.pfb></usr/share/texlive/texmf-dist/fonts/type1/public/ams
fonts/cm/cmbx12.pfb></usr/share/texlive/texmf-dist/fonts/type1/public/amsfonts/
cm/cmmi10.pfb></usr/share/texlive/texmf-dist/fonts/type1/public/amsfonts/cm/cmr
10.pfb></usr/share/texlive/texmf-dist/fonts/type1/public/amsfonts/cm/cmr12.pfb>
</usr/share/texlive/texmf-dist/fonts/type1/public/amsfonts/cm/cmr17.pfb></usr/s
hare/texlive/texmf-dist/fonts/type1/public/amsfonts/cm/cmr7.pfb>
Output written on "Assignments Week 2.pdf" (8 pages, 692662 bytes).
PDF statistics:
 64 PDF objects out of 1000 (max. 8388607)
 41 compressed objects within 1 object stream
 0 named destinations out of 1000 (max. 500000)
 26 words of extra memory for PDF output out of 10000 (max. 10000000)

